make all --print-data-base --no-builtin-variables --no-builtin-rules --question
# GNU Make 4.2.1
# Built for x86_64-pc-linux-gnu
# Copyright (C) 1988-2016 Free Software Foundation, Inc.
# License GPLv3+: GNU GPL version 3 or later <http://gnu.org/licenses/gpl.html>
# This is free software: you are free to change and redistribute it.
# There is NO WARRANTY, to the extent permitted by law.

# Make data base, printed on Tue Aug  9 21:51:25 2022

# Variables

# 'override' directive
GNUMAKEFLAGS := 
# automatic
<D = $(patsubst %/,%,$(dir $<))
# automatic
?F = $(notdir $?)
# environment
DESKTOP_SESSION = ubuntu
# environment
NODE_TLS_REJECT_UNAUTHORIZED = 0
# default
.SHELLFLAGS := -c
# environment
XDG_SESSION_CLASS = user
# environment
XDG_SESSION_TYPE = x11
# makefile (from 'Makefile', line 4)
TARGET = my_visitor
# environment
NVM_INC = /home/nithin/.nvm/versions/node/v14.15.0/include/node
# automatic
?D = $(patsubst %/,%,$(dir $?))
# environment
IM_CONFIG_PHASE = 1
# automatic
@D = $(patsubst %/,%,$(dir $@))
# environment
XAUTHORITY = /run/user/1000/gdm/Xauthority
# environment
GDMSESSION = ubuntu
# environment
XMODIFIERS = @im=ibus
# makefile
CURDIR := /home/nithin/learn/Solid2Liquid_CPP/part04
# makefile
SHELL = /bin/sh
# environment
VSCODE_NLS_CONFIG = {"locale":"en-gb","availableLanguages":{},"_languagePackSupport":true}
# environment
_ = /usr/share/code/code
# makefile (from 'Makefile', line 2)
CFLAGS = -I -Wall
# environment
JOURNAL_STREAM = 8:54096
# environment
XDG_CONFIG_DIRS = /etc/xdg/xdg-ubuntu:/etc/xdg
# makefile (from 'Makefile', line 1)
MAKEFILE_LIST :=  Makefile
# environment
JAVA_HOME = /home/nithin/.cache/coursier/arc/https/github.com/AdoptOpenJDK/openjdk8-binaries/releases/download/jdk8u292-b10/OpenJDK8U-jdk_x64_linux_hotspot_8u292b10.tar.gz/jdk8u292-b10
# automatic
@F = $(notdir $@)
# environment
GIO_LAUNCHED_DESKTOP_FILE = /usr/share/applications/code.desktop
# environment
USERNAME = nithin
# environment
MANDATORY_PATH = /usr/share/gconf/ubuntu.mandatory.path
# environment
XDG_DATA_DIRS = /usr/share/ubuntu:/usr/local/share/:/usr/share/:/var/lib/snapd/desktop
# environment
DBUS_SESSION_BUS_ADDRESS = unix:path=/run/user/1000/bus
# environment
MANAGERPID = 2115
# environment
P9K_SSH = 0
# environment
VSCODE_CWD = /home/nithin
# default
MAKE_HOST := x86_64-pc-linux-gnu
# environment
PATH = /home/nithin/.nvm/versions/node/v14.15.0/bin:/home/nithin/.poetry/bin:/home/nithin/.poetry/bin:/home/nithin/.local/bin:/usr/local/sbin:/usr/local/bin:/usr/sbin:/usr/bin:/sbin:/bin:/usr/games:/usr/local/games:/snap/bin:/home/nithin/.cache/coursier/arc/https/github.com/AdoptOpenJDK/openjdk8-binaries/releases/download/jdk8u292-b10/OpenJDK8U-jdk_x64_linux_hotspot_8u292b10.tar.gz/jdk8u292-b10/bin:/home/nithin/.local/share/coursier/bin:/usr/local/go/bin:/home/nithin/.cache/coursier/arc/https/github.com/AdoptOpenJDK/openjdk8-binaries/releases/download/jdk8u292-b10/OpenJDK8U-jdk_x64_linux_hotspot_8u292b10.tar.gz/jdk8u292-b10/bin:/home/nithin/.local/share/coursier/bin
# environment
GPG_AGENT_INFO = /run/user/1000/gnupg/S.gpg-agent:0:1
# environment
LSCOLORS = Gxfxcxdxbxegedabagacad
# environment
SESSION_MANAGER = local/nithin-dlt:@/tmp/.ICE-unix/2328,unix/nithin-dlt:/tmp/.ICE-unix/2328
# environment
XDG_RUNTIME_DIR = /run/user/1000
# environment
NVM_BIN = /home/nithin/.nvm/versions/node/v14.15.0/bin
# environment
XDG_MENU_PREFIX = gnome-
# environment
ELECTRON_RUN_AS_NODE = 1
# environment
INVOCATION_ID = 2b8ef2699f0548f688c0077ac650f8af
# default
.FEATURES := target-specific order-only second-expansion else-if shortest-stem undefine oneshell archives jobserver output-sync check-symlink load
# environment
LS_COLORS = 
# environment
XDG_SESSION_DESKTOP = ubuntu
# environment
SSH_AUTH_SOCK = /run/user/1000/keyring/ssh
# environment
GIO_LAUNCHED_DESKTOP_FILE_PID = 879443
# automatic
%F = $(notdir $%)
# environment
DISPLAY = :0
# environment
PWD = /home/nithin/learn/Solid2Liquid_CPP/part04
# default
.LOADED := 
# environment
SSH_AGENT_PID = 2290
# environment
ORIGINAL_XDG_CURRENT_DESKTOP = ubuntu:GNOME
# environment
GTK_MODULES = gail:atk-bridge
# environment
VSCODE_AMD_ENTRYPOINT = vs/workbench/api/node/extensionHostProcess
# environment
HOME = /home/nithin
# environment
VSCODE_CODE_CACHE_PATH = /home/nithin/.config/Code/CachedData/da76f93349a72022ca4670c1b84860304616aaa2
# environment
LOGNAME = nithin
# environment
APPLICATION_INSIGHTS_NO_DIAGNOSTIC_CHANNEL = true
# environment
NVM_CD_FLAGS = -q
# environment
ZSH = /home/nithin/.oh-my-zsh
# environment
VSCODE_HANDLES_UNCAUGHT_ERRORS = true
# environment
GNOME_DESKTOP_SESSION_ID = this-is-deprecated
# automatic
^D = $(patsubst %/,%,$(dir $^))
# environment
MAKELEVEL := 0
# default
MAKE = $(MAKE_COMMAND)
# default
MAKECMDGOALS := all
# environment
QT_IM_MODULE = ibus
# environment
SHLVL = 0
# makefile (from 'Makefile', line 1)
CC = g++ 
# environment
GNOME_SHELL_SESSION_MODE = ubuntu
# default
MAKE_VERSION := 4.2.1
# environment
USER = nithin
# makefile
.DEFAULT_GOAL := all
# environment
XDG_CURRENT_DESKTOP = Unity
# environment
CLASSPATH = .:/usr/local/lib/antlr-4.10.1-complete.jar:
# environment
LESS = -R
# automatic
%D = $(patsubst %/,%,$(dir $%))
# default
MAKE_COMMAND := make
# environment
OLDPWD = /home/nithin
# default
.VARIABLES := 
# automatic
*F = $(notdir $*)
# environment
LANGUAGE = en_IN:en
# environment
VSCODE_IPC_HOOK = /run/user/1000/vscode-a83023e6-1.70.0-main.sock
# makefile
MAKEFLAGS = pqrR
# environment
MFLAGS = -pqrR
# automatic
*D = $(patsubst %/,%,$(dir $*))
# environment
NVM_DIR = /home/nithin/.nvm
# automatic
+D = $(patsubst %/,%,$(dir $+))
# environment
GDK_BACKEND = x11
# automatic
+F = $(notdir $+)
# environment
QT_ACCESSIBILITY = 1
# environment
DEFAULTS_PATH = /usr/share/gconf/ubuntu.default.path
# default
MAKEFILES := 
# automatic
<F = $(notdir $<)
# environment
PAGER = less
# environment
LC_ALL = C
# environment
GJS_DEBUG_TOPICS = JS ERROR;JS LOG
# automatic
^F = $(notdir $^)
# default
SUFFIXES := 
# environment
CHROME_DESKTOP = code-url-handler.desktop
# environment
WINDOWPATH = 2
# default
.INCLUDE_DIRS = /usr/include /usr/local/include /usr/include
# environment
GJS_DEBUG_OUTPUT = stderr
# default
.RECIPEPREFIX := 
# environment
LANG = C
# environment
VSCODE_PID = 879443
# variable set hash-table stats:
# Load=109/1024=11%, Rehash=0, Collisions=13/142=9%

# Pattern-specific Variable Values

# No pattern-specific variable values.

# Directories

# . (device 2053, inode 8675391): 17 files, no impossibilities.

# 17 files, no impossibilities in 1 directories.

# Implicit Rules

# No implicit rules.

# Files

# Not a target:
misc.hpp:
#  Implicit rule search has been done.
 
#  Last modified 2022-08-09 15:48:49.735360405
#  File has been updated.
#  Successfully updated.

all: my_visitor
#  Command line target.
#  Implicit rule search has been done.
#  File does not exist.
#  File has been updated.
#  Needs to be updated (-q is set).
# variable set hash-table stats:
# Load=0/32=0%, Rehash=0, Collisions=0/6=0%

# Not a target:
parser.cpp:
#  Implicit rule search has been done.
#  Last modified 2022-08-08 12:51:03.078912
#  File has been updated.
#  Successfully updated.

# Not a target:
visitor.hpp:
#  Implicit rule search has been done.
#  Last modified 2022-08-09 15:53:04.180512677
#  File has been updated.
#  Successfully updated.

# Not a target:
expression.cpp:
#  Implicit rule search has been done.
#  Last modified 2022-08-09 15:38:51.174497718
#  File has been updated.
#  Successfully updated.

# Not a target:
.SUFFIXES:
#  Implicit rule search has not been done.
#  Modification time never checked.
#  File has not been updated.

# Not a target:
Makefile:
#  Implicit rule search has been done.
#  Last modified 2022-08-09 21:49:11.812001816
#  File has been updated.
#  Successfully updated.

# Not a target:
parser.hpp:
#  Implicit rule search has been done.
#  Last modified 2022-08-09 15:46:32.286578154
#  File has been updated.
#  Successfully updated.

# Not a target:
expression.hpp:
#  Implicit rule search has been done.
#  Last modified 2022-08-09 15:44:14.517636255
#  File has been updated.
#  Successfully updated.

# Not a target:
main.cpp:
#  Implicit rule search has been done.
#  Last modified 2022-08-09 21:48:11.803734769
#  File has been updated.
#  Successfully updated.

visitors.o: visitors.cpp visitor.hpp expression.hpp misc.hpp
#  Implicit rule search has not been done.
#  Last modified 2022-08-09 21:49:22.99064056
#  File has been updated.
#  Successfully updated.
#  recipe to execute (from 'Makefile', line 22):
	$(CC) $(CFLAGS) -c visitors.cpp

parser.o: parser.cpp parser.hpp
#  Implicit rule search has not been done.
#  Last modified 2022-08-09 21:49:23.418588874
#  File has been updated.
#  Successfully updated.
#  recipe to execute (from 'Makefile', line 19):
	$(CC) $(CFLAGS) -c parser.cpp

# Not a target:
.DEFAULT:
#  Implicit rule search has not been done.
#  Modification time never checked.
#  File has not been updated.

expression.o: expression.cpp expression.hpp
#  Implicit rule search has not been done.
#  Last modified 2022-08-09 21:49:23.230611576
#  File has been updated.
#  Successfully updated.
#  recipe to execute (from 'Makefile', line 16):
	$(CC) $(CFLAGS) -c expression.cpp

clean:
#  Implicit rule search has not been done.
#  Modification time never checked.
#  File has not been updated.
#  recipe to execute (from 'Makefile', line 25):
	$(RM) count *.o *~ $(TARGET)

main.o: main.cpp
#  Implicit rule search has not been done.
#  Last modified 2022-08-09 21:49:23.662559408
#  File has been updated.
#  Successfully updated.
#  recipe to execute (from 'Makefile', line 12):
	$(CC) $(CFLAGS) -c main.cpp

my_visitor: visitors.o expression.o parser.o main.o
#  Implicit rule search has not been done.
#  Implicit/static pattern stem: ''
#  File does not exist.
#  File has been updated.
#  Needs to be updated (-q is set).
# automatic
# @ := my_visitor
# automatic
# % := 
# automatic
# * := 
# automatic
# + := visitors.o expression.o parser.o main.o
# automatic
# | := 
# automatic
# < := visitors.o
# automatic
# ^ := visitors.o expression.o parser.o main.o
# automatic
# ? := visitors.o expression.o parser.o main.o
# variable set hash-table stats:
# Load=8/32=25%, Rehash=0, Collisions=1/14=7%
#  recipe to execute (from 'Makefile', line 9):
	$(CC) $(CFLAGS)  expression.o  parser.o visitors.o main.o -o $(TARGET)

# Not a target:
visitors.cpp:
#  Implicit rule search has been done.
#  Last modified 2022-08-09 15:53:15.6765578
#  File has been updated.
#  Successfully updated.

# files hash-table stats:
# Load=18/1024=2%, Rehash=0, Collisions=0/49=0%
# VPATH Search Paths

# No 'vpath' search paths.

# No general ('VPATH' variable) search path.

# strcache buffers: 1 (0) / strings = 24 / storage = 239 B / avg = 9 B
# current buf: size = 8162 B / used = 239 B / count = 24 / avg = 9 B

# strcache performance: lookups = 55 / hit rate = 56%
# hash-table stats:
# Load=24/8192=0%, Rehash=0, Collisions=1/55=2%
# Finished Make data base on Tue Aug  9 21:51:25 2022

 
